2023-07-17 16:16:29.384 [main] INFO  com.rs.mv.mvvs.Startup - [LSP:100101]ROCKET MV BASIC EXTENSION to start
2023-07-17 16:16:29.434 [main] INFO  com.rs.mv.mvvs.lsp.server.BasicLanguageServerLauncher - [LSP:100102]start pip server
2023-07-17 16:16:29.614 [main] INFO  com.rs.mv.mvvs.lsp.server.BasicLanguageServerLauncher - [LSP:100103]ROCKET MV BASIC EXTENSION start successful
2023-07-17 16:17:01.106 [pool-3-thread-1] INFO  com.rs.mv.mvvs.instance.workspace.WorkspaceManager - [workspace:200101]load all workspace folders start
2023-07-17 16:17:01.108 [pool-3-thread-1] INFO  com.rs.mv.mvvs.instance.workspace.WorkspaceManager - [workspace:20010201]root uri: file:///c%3A/Users/Adam/Desktop/adam%20folders/Rheonix%20OS
2023-07-17 16:17:01.110 [pool-3-thread-1] INFO  com.rs.mv.mvvs.instance.workspace.handler.FolderHandler - [workspace:200103]workspace contains workspace folder: file:///c%3A/Users/Adam/Desktop/adam%20folders/Rheonix%20OS
2023-07-17 16:17:01.149 [pool-3-thread-1] INFO  com.rs.mv.mvvs.instance.workspace.handler.FolderHandler - [workspace:200104]workspace folder will be cached: file:///c%3A/Users/Adam/Desktop/adam%20folders/Rheonix%20OS
2023-07-17 16:17:01.153 [pool-3-thread-1] INFO  com.rs.mv.mvvs.rmv.config.Config - [framework:30010101]config load start
2023-07-17 16:17:01.154 [pool-3-thread-1] INFO  com.rs.mv.mvvs.rmv.config.Config - [framework:30010102]project config path is : C:/Users/Adam/Desktop/adam folders/Rheonix OS/.rmv/config
2023-07-17 16:17:01.155 [pool-3-thread-1] INFO  com.rs.mv.mvvs.rmv.config.Config - [framework:30010103]resource config path is : /
2023-07-17 16:17:01.157 [pool-3-thread-1] INFO  com.rs.mv.mvvs.rmv.config.Config - [framework:30010104]user config path is : C:/Users/Adam
2023-07-17 16:17:01.187 [pool-3-thread-1] INFO  com.rs.mv.mvvs.rmv.config.Config - [framework:30010105]config load end
2023-07-17 16:17:01.193 [pool-3-thread-1] INFO  com.rs.mv.mvvs.rmv.documentation.BasicDocumentation - [framework:30020101]documentation load start
2023-07-17 16:17:01.196 [pool-3-thread-1] INFO  com.rs.mv.mvvs.rmv.documentation.reader.SystemDocReader - [framework:30020102]system documentation path: /documentation/UNIVERSE/
2023-07-17 16:17:01.204 [pool-3-thread-1] INFO  com.rs.mv.mvvs.rmv.documentation.reader.ProjectDocReader - [framework:30020103]project documentation brief file: C:\Users\Adam\Desktop\adam folders\Rheonix OS\.rmv\documentation\UNIVERSE\custom.json
2023-07-17 16:17:01.207 [pool-3-thread-1] INFO  com.rs.mv.mvvs.rmv.documentation.reader.UserDocReader - [framework:30020104]user documentation brief file: C:\Users\Adam\documentation\UNIVERSE\custom.json
2023-07-17 16:17:01.364 [pool-3-thread-1] INFO  com.rs.mv.mvvs.rmv.documentation.BasicDocumentation - [framework:30020105]documentation load end
2023-07-17 16:17:01.379 [pool-3-thread-1] INFO  com.rs.mv.mvvs.common.convertor.ConvertorManager - [framework:30030101]convertors for folder(C:/Users/Adam/Desktop/adam folders/Rheonix OS) load start
2023-07-17 16:17:01.389 [pool-3-thread-1] INFO  com.rs.mv.mvvs.common.convertor.ConvertorManager - [framework:30030102]comment convertor load finish
2023-07-17 16:17:01.765 [pool-3-thread-1] INFO  com.rs.mv.mvvs.common.convertor.ConvertorManager - [framework:30030103]keyword convertor load finish
2023-07-17 16:17:01.784 [pool-3-thread-1] INFO  com.rs.mv.mvvs.common.convertor.ConvertorManager - [framework:30030104]operator convertor load finish
2023-07-17 16:17:01.785 [pool-3-thread-1] INFO  com.rs.mv.mvvs.common.convertor.ConvertorManager - [framework:30030105]function name convertor load finish
2023-07-17 16:17:01.786 [pool-3-thread-1] INFO  com.rs.mv.mvvs.common.convertor.ConvertorManager - [framework:30030106]atVariable convertor load finish
2023-07-17 16:17:01.786 [pool-3-thread-1] INFO  com.rs.mv.mvvs.common.convertor.ConvertorManager - [framework:30030107]convertors for folder(C:/Users/Adam/Desktop/adam folders/Rheonix OS) load end
2023-07-17 16:17:01.793 [pool-3-thread-1] INFO  com.rs.mv.mvvs.rmv.config.CapabilityConfig - [framework:30010301]capabilities file(C:/Users/Adam/Desktop/adam folders/Rheonix OS/config/capability) doesn't exist or read error, default config will take effect
2023-07-17 16:17:01.795 [pool-3-thread-1] INFO  com.rs.mv.mvvs.instance.workspace.WorkspaceManager - [workspace:200105]load all workspace folders successful
2023-07-17 16:17:01.804 [pool-3-thread-1] INFO  com.rs.mv.mvvs.client.account.AccountManager - [client:40010101]load account manager start
2023-07-17 16:17:01.866 [pool-3-thread-1] INFO  com.rs.mv.mvvs.client.account.handler.CacheAccountHandler - [client:40010102]load cache account: 
2023-07-17 16:17:01.902 [pool-3-thread-1] INFO  com.rs.mv.mvvs.client.account.handler.ExternalAccountHandler - [client:40010103]load external account: 
2023-07-17 16:17:02.013 [pool-3-thread-1] INFO  com.rs.mv.mvvs.client.catalog.manager.U2CatalogManager - [client:400203]cache file auto update thread launch in Rheonix OS account
2023-07-17 16:17:02.030 [pool-3-thread-1] INFO  com.rs.mv.mvvs.client.catalog.from.config.DirsConfigReader - [client:400206]parse dir config information
2023-07-17 16:17:02.037 [pool-3-thread-1] INFO  com.rs.mv.mvvs.client.catalog.from.config.MappingConfigReader - [client:400207]parse mapping config information
2023-07-17 16:17:02.040 [pool-3-thread-1] INFO  com.rs.mv.mvvs.client.catalog.manager.U2CatalogManager - [client:400202]start a schedule task to get global/local catalog for Rheonix OS, its period 5s 
2023-07-17 16:17:02.043 [pool-3-thread-1] INFO  com.rs.mv.mvvs.client.catalog.manager.U2CatalogManager - [client:400203]cache file auto update thread launch in Drive account
2023-07-17 16:17:02.045 [pool-3-thread-1] INFO  com.rs.mv.mvvs.client.catalog.from.config.DirsConfigReader - [client:400206]parse dir config information
2023-07-17 16:17:02.046 [pool-3-thread-1] INFO  com.rs.mv.mvvs.client.catalog.from.config.MappingConfigReader - [client:400207]parse mapping config information
2023-07-17 16:17:02.047 [pool-3-thread-1] INFO  com.rs.mv.mvvs.client.catalog.manager.U2CatalogManager - [client:400202]start a schedule task to get global/local catalog for Drive, its period 5s 
2023-07-17 16:17:02.048 [pool-3-thread-1] INFO  com.rs.mv.mvvs.client.catalog.manager.U2CatalogManager - [client:400203]cache file auto update thread launch in Main account
2023-07-17 16:17:02.049 [pool-3-thread-1] INFO  com.rs.mv.mvvs.client.catalog.from.config.DirsConfigReader - [client:400206]parse dir config information
2023-07-17 16:17:02.052 [pool-3-thread-1] INFO  com.rs.mv.mvvs.client.catalog.from.config.MappingConfigReader - [client:400207]parse mapping config information
2023-07-17 16:17:02.053 [pool-3-thread-1] INFO  com.rs.mv.mvvs.client.catalog.manager.U2CatalogManager - [client:400202]start a schedule task to get global/local catalog for Main, its period 5s 
2023-07-17 16:17:02.054 [pool-3-thread-1] INFO  com.rs.mv.mvvs.client.catalog.manager.U2CatalogManager - [client:400203]cache file auto update thread launch in Notifications account
2023-07-17 16:17:02.055 [pool-3-thread-1] INFO  com.rs.mv.mvvs.client.catalog.from.config.DirsConfigReader - [client:400206]parse dir config information
2023-07-17 16:17:02.056 [pool-3-thread-1] INFO  com.rs.mv.mvvs.client.catalog.from.config.MappingConfigReader - [client:400207]parse mapping config information
2023-07-17 16:17:02.058 [pool-3-thread-1] INFO  com.rs.mv.mvvs.client.catalog.manager.U2CatalogManager - [client:400202]start a schedule task to get global/local catalog for Notifications, its period 5s 
2023-07-17 16:17:02.060 [pool-3-thread-1] INFO  com.rs.mv.mvvs.client.catalog.manager.U2CatalogManager - [client:400203]cache file auto update thread launch in Render & Security account
2023-07-17 16:17:02.061 [pool-3-thread-1] INFO  com.rs.mv.mvvs.client.catalog.from.config.DirsConfigReader - [client:400206]parse dir config information
2023-07-17 16:17:02.063 [pool-3-thread-1] INFO  com.rs.mv.mvvs.client.catalog.from.config.MappingConfigReader - [client:400207]parse mapping config information
2023-07-17 16:17:02.065 [pool-3-thread-1] INFO  com.rs.mv.mvvs.client.catalog.manager.U2CatalogManager - [client:400202]start a schedule task to get global/local catalog for Render & Security, its period 5s 
2023-07-17 16:17:02.066 [pool-3-thread-1] INFO  com.rs.mv.mvvs.client.catalog.manager.U2CatalogManager - [client:400203]cache file auto update thread launch in ProgramFilesX86 account
2023-07-17 16:17:02.067 [pool-3-thread-1] INFO  com.rs.mv.mvvs.client.catalog.from.config.DirsConfigReader - [client:400206]parse dir config information
2023-07-17 16:17:02.068 [pool-3-thread-1] INFO  com.rs.mv.mvvs.client.catalog.from.config.MappingConfigReader - [client:400207]parse mapping config information
2023-07-17 16:17:02.069 [pool-3-thread-1] INFO  com.rs.mv.mvvs.client.catalog.manager.U2CatalogManager - [client:400202]start a schedule task to get global/local catalog for ProgramFilesX86, its period 5s 
2023-07-17 16:17:02.076 [pool-3-thread-1] INFO  com.rs.mv.mvvs.client.account.handler.ServerAccountHandler - [client:40010104]load server account: Account{name=Rheonix OS, path=C:/Users/Adam/Desktop/adam folders/Rheonix OS, type=PREDICT}
Account{name=Render & Security, path=C:/Users/Adam/Desktop/adam folders/Rheonix OS/Drive/Notifications/Render & Security, type=PREDICT}
Account{name=Main, path=C:/Users/Adam/Desktop/adam folders/Rheonix OS/Drive/Main, type=PREDICT}
Account{name=ProgramFilesX86, path=C:/Users/Adam/Desktop/adam folders/Rheonix OS/Drive/ProgramFilesX86, type=PREDICT}
Account{name=Drive, path=C:/Users/Adam/Desktop/adam folders/Rheonix OS/Drive, type=PREDICT}
Account{name=Notifications, path=C:/Users/Adam/Desktop/adam folders/Rheonix OS/Drive/Notifications, type=PREDICT}
2023-07-17 16:17:02.077 [pool-3-thread-1] INFO  com.rs.mv.mvvs.client.account.AccountManager - [client:40010105]load account manager finish
2023-07-17 16:17:02.080 [pool-3-thread-1] INFO  com.rs.mv.mvvs.instance.userspace.UserspaceManager - [framework:30010402]config file(C:\Users\Adam/.rmv/config) watcher launch successful
2023-07-17 16:17:06.129 [pool-3-thread-1] INFO  com.rs.mv.mvvs.client.catalog.from.scan.CurrentPathScanner - [client:400205]scan file in current open file directory(C:/Users/Adam/Desktop/adam folders/Rheonix OS/Drive/Data)
2023-07-17 16:17:18.891 [pool-3-thread-1] INFO  com.rs.mv.mvvs.client.catalog.from.scan.CurrentPathScanner - [client:400205]scan file in current open file directory(C:/Users/Adam/Desktop/adam folders/Rheonix OS/Drive/Main/Hyper-v)
2023-07-17 16:26:10.494 [pool-3-thread-1] INFO  com.rs.mv.mvvs.client.catalog.from.scan.CurrentPathScanner - [client:400205]scan file in current open file directory(C:/Users/Adam/Desktop/adam folders/Rheonix OS/Drive/Main/Hyper-v)
2023-07-17 16:28:59.707 [pool-3-thread-1] INFO  com.rs.mv.mvvs.client.catalog.from.scan.CurrentPathScanner - [client:400205]scan file in current open file directory(C:/Users/Adam/Desktop/adam folders/Rheonix OS/Drive/Main/Hyper-v)
2023-07-17 16:29:53.081 [pool-3-thread-1] INFO  com.rs.mv.mvvs.client.catalog.from.scan.CurrentPathScanner - [client:400205]scan file in current open file directory(C:/Users/Adam/Desktop/adam folders/Rheonix OS/Drive/Main/Hyper-v)
2023-07-17 16:30:44.209 [pool-3-thread-1] INFO  com.rs.mv.mvvs.client.catalog.from.scan.CurrentPathScanner - [client:400205]scan file in current open file directory(C:/Users/Adam/Desktop/adam folders/Rheonix OS/Drive/Main/Hyper-v)
2023-07-17 16:44:06.385 [main] WARN  com.rs.mv.mvvs.Startup - [LSP:100104]ROCKET MV BASIC EXTENSION exited
2023-07-17 17:45:04.826 [main] INFO  com.rs.mv.mvvs.Startup - [LSP:100101]ROCKET MV BASIC EXTENSION to start
2023-07-17 17:45:04.859 [main] INFO  com.rs.mv.mvvs.lsp.server.BasicLanguageServerLauncher - [LSP:100102]start pip server
2023-07-17 17:45:05.042 [main] INFO  com.rs.mv.mvvs.lsp.server.BasicLanguageServerLauncher - [LSP:100103]ROCKET MV BASIC EXTENSION start successful
2023-07-17 17:45:05.456 [pool-3-thread-1] INFO  com.rs.mv.mvvs.instance.workspace.WorkspaceManager - [workspace:200101]load all workspace folders start
2023-07-17 17:45:05.457 [pool-3-thread-1] INFO  com.rs.mv.mvvs.instance.workspace.WorkspaceManager - [workspace:20010201]root uri: file:///c%3A/Users/Adam/Desktop/adam%20folders/Rheonix%20OS
2023-07-17 17:45:05.459 [pool-3-thread-1] INFO  com.rs.mv.mvvs.instance.workspace.handler.FolderHandler - [workspace:200103]workspace contains workspace folder: file:///c%3A/Users/Adam/Desktop/adam%20folders/Rheonix%20OS
2023-07-17 17:45:05.478 [pool-3-thread-1] INFO  com.rs.mv.mvvs.instance.workspace.handler.FolderHandler - [workspace:200104]workspace folder will be cached: file:///c%3A/Users/Adam/Desktop/adam%20folders/Rheonix%20OS
2023-07-17 17:45:05.481 [pool-3-thread-1] INFO  com.rs.mv.mvvs.rmv.config.Config - [framework:30010101]config load start
2023-07-17 17:45:05.481 [pool-3-thread-1] INFO  com.rs.mv.mvvs.rmv.config.Config - [framework:30010102]project config path is : C:/Users/Adam/Desktop/adam folders/Rheonix OS/.rmv/config
2023-07-17 17:45:05.481 [pool-3-thread-1] INFO  com.rs.mv.mvvs.rmv.config.Config - [framework:30010103]resource config path is : /
2023-07-17 17:45:05.482 [pool-3-thread-1] INFO  com.rs.mv.mvvs.rmv.config.Config - [framework:30010104]user config path is : C:/Users/Adam
2023-07-17 17:45:05.500 [pool-3-thread-1] INFO  com.rs.mv.mvvs.rmv.config.Config - [framework:30010105]config load end
2023-07-17 17:45:05.503 [pool-3-thread-1] INFO  com.rs.mv.mvvs.rmv.documentation.BasicDocumentation - [framework:30020101]documentation load start
2023-07-17 17:45:05.504 [pool-3-thread-1] INFO  com.rs.mv.mvvs.rmv.documentation.reader.SystemDocReader - [framework:30020102]system documentation path: /documentation/UNIVERSE/
2023-07-17 17:45:05.510 [pool-3-thread-1] INFO  com.rs.mv.mvvs.rmv.documentation.reader.ProjectDocReader - [framework:30020103]project documentation brief file: C:\Users\Adam\Desktop\adam folders\Rheonix OS\.rmv\documentation\UNIVERSE\custom.json
2023-07-17 17:45:05.511 [pool-3-thread-1] INFO  com.rs.mv.mvvs.rmv.documentation.reader.UserDocReader - [framework:30020104]user documentation brief file: C:\Users\Adam\documentation\UNIVERSE\custom.json
2023-07-17 17:45:05.677 [pool-3-thread-1] INFO  com.rs.mv.mvvs.rmv.documentation.BasicDocumentation - [framework:30020105]documentation load end
2023-07-17 17:45:05.685 [pool-3-thread-1] INFO  com.rs.mv.mvvs.common.convertor.ConvertorManager - [framework:30030101]convertors for folder(C:/Users/Adam/Desktop/adam folders/Rheonix OS) load start
2023-07-17 17:45:05.698 [pool-3-thread-1] INFO  com.rs.mv.mvvs.common.convertor.ConvertorManager - [framework:30030102]comment convertor load finish
2023-07-17 17:45:05.891 [pool-3-thread-1] INFO  com.rs.mv.mvvs.common.convertor.ConvertorManager - [framework:30030103]keyword convertor load finish
2023-07-17 17:45:05.896 [pool-3-thread-1] INFO  com.rs.mv.mvvs.common.convertor.ConvertorManager - [framework:30030104]operator convertor load finish
2023-07-17 17:45:05.898 [pool-3-thread-1] INFO  com.rs.mv.mvvs.common.convertor.ConvertorManager - [framework:30030105]function name convertor load finish
2023-07-17 17:45:05.899 [pool-3-thread-1] INFO  com.rs.mv.mvvs.common.convertor.ConvertorManager - [framework:30030106]atVariable convertor load finish
2023-07-17 17:45:05.899 [pool-3-thread-1] INFO  com.rs.mv.mvvs.common.convertor.ConvertorManager - [framework:30030107]convertors for folder(C:/Users/Adam/Desktop/adam folders/Rheonix OS) load end
2023-07-17 17:45:05.902 [pool-3-thread-1] INFO  com.rs.mv.mvvs.rmv.config.CapabilityConfig - [framework:30010301]capabilities file(C:/Users/Adam/Desktop/adam folders/Rheonix OS/config/capability) doesn't exist or read error, default config will take effect
2023-07-17 17:45:05.903 [pool-3-thread-1] INFO  com.rs.mv.mvvs.instance.workspace.WorkspaceManager - [workspace:200105]load all workspace folders successful
2023-07-17 17:45:05.905 [pool-3-thread-1] INFO  com.rs.mv.mvvs.client.account.AccountManager - [client:40010101]load account manager start
2023-07-17 17:45:05.928 [pool-3-thread-1] INFO  com.rs.mv.mvvs.client.account.handler.CacheAccountHandler - [client:40010102]load cache account: 
2023-07-17 17:45:05.934 [pool-3-thread-1] INFO  com.rs.mv.mvvs.client.account.handler.ExternalAccountHandler - [client:40010103]load external account: 
2023-07-17 17:45:06.016 [pool-3-thread-1] INFO  com.rs.mv.mvvs.client.catalog.manager.U2CatalogManager - [client:400203]cache file auto update thread launch in Rheonix OS account
2023-07-17 17:45:06.025 [pool-3-thread-1] INFO  com.rs.mv.mvvs.client.catalog.from.config.DirsConfigReader - [client:400206]parse dir config information
2023-07-17 17:45:06.030 [pool-3-thread-1] INFO  com.rs.mv.mvvs.client.catalog.from.config.MappingConfigReader - [client:400207]parse mapping config information
2023-07-17 17:45:06.033 [pool-3-thread-1] INFO  com.rs.mv.mvvs.client.catalog.manager.U2CatalogManager - [client:400202]start a schedule task to get global/local catalog for Rheonix OS, its period 5s 
2023-07-17 17:45:06.035 [pool-3-thread-1] INFO  com.rs.mv.mvvs.client.catalog.manager.U2CatalogManager - [client:400203]cache file auto update thread launch in Drive account
2023-07-17 17:45:06.036 [pool-3-thread-1] INFO  com.rs.mv.mvvs.client.catalog.from.config.DirsConfigReader - [client:400206]parse dir config information
2023-07-17 17:45:06.037 [pool-3-thread-1] INFO  com.rs.mv.mvvs.client.catalog.from.config.MappingConfigReader - [client:400207]parse mapping config information
2023-07-17 17:45:06.038 [pool-3-thread-1] INFO  com.rs.mv.mvvs.client.catalog.manager.U2CatalogManager - [client:400202]start a schedule task to get global/local catalog for Drive, its period 5s 
2023-07-17 17:45:06.039 [pool-3-thread-1] INFO  com.rs.mv.mvvs.client.catalog.manager.U2CatalogManager - [client:400203]cache file auto update thread launch in Main account
2023-07-17 17:45:06.039 [pool-3-thread-1] INFO  com.rs.mv.mvvs.client.catalog.from.config.DirsConfigReader - [client:400206]parse dir config information
2023-07-17 17:45:06.040 [pool-3-thread-1] INFO  com.rs.mv.mvvs.client.catalog.from.config.MappingConfigReader - [client:400207]parse mapping config information
2023-07-17 17:45:06.041 [pool-3-thread-1] INFO  com.rs.mv.mvvs.client.catalog.manager.U2CatalogManager - [client:400202]start a schedule task to get global/local catalog for Main, its period 5s 
2023-07-17 17:45:06.044 [pool-3-thread-1] INFO  com.rs.mv.mvvs.client.catalog.manager.U2CatalogManager - [client:400203]cache file auto update thread launch in Notifications account
2023-07-17 17:45:06.044 [pool-3-thread-1] INFO  com.rs.mv.mvvs.client.catalog.from.config.DirsConfigReader - [client:400206]parse dir config information
2023-07-17 17:45:06.045 [pool-3-thread-1] INFO  com.rs.mv.mvvs.client.catalog.from.config.MappingConfigReader - [client:400207]parse mapping config information
2023-07-17 17:45:06.046 [pool-3-thread-1] INFO  com.rs.mv.mvvs.client.catalog.manager.U2CatalogManager - [client:400202]start a schedule task to get global/local catalog for Notifications, its period 5s 
2023-07-17 17:45:06.049 [pool-3-thread-1] INFO  com.rs.mv.mvvs.client.catalog.manager.U2CatalogManager - [client:400203]cache file auto update thread launch in Render & Security account
2023-07-17 17:45:06.051 [pool-3-thread-1] INFO  com.rs.mv.mvvs.client.catalog.from.config.DirsConfigReader - [client:400206]parse dir config information
2023-07-17 17:45:06.051 [pool-3-thread-1] INFO  com.rs.mv.mvvs.client.catalog.from.config.MappingConfigReader - [client:400207]parse mapping config information
2023-07-17 17:45:06.052 [pool-3-thread-1] INFO  com.rs.mv.mvvs.client.catalog.manager.U2CatalogManager - [client:400202]start a schedule task to get global/local catalog for Render & Security, its period 5s 
2023-07-17 17:45:06.053 [pool-3-thread-1] INFO  com.rs.mv.mvvs.client.catalog.manager.U2CatalogManager - [client:400203]cache file auto update thread launch in ProgramFilesX86 account
2023-07-17 17:45:06.054 [pool-3-thread-1] INFO  com.rs.mv.mvvs.client.catalog.from.config.DirsConfigReader - [client:400206]parse dir config information
2023-07-17 17:45:06.055 [pool-3-thread-1] INFO  com.rs.mv.mvvs.client.catalog.from.config.MappingConfigReader - [client:400207]parse mapping config information
2023-07-17 17:45:06.057 [pool-3-thread-1] INFO  com.rs.mv.mvvs.client.catalog.manager.U2CatalogManager - [client:400202]start a schedule task to get global/local catalog for ProgramFilesX86, its period 5s 
2023-07-17 17:45:06.061 [pool-3-thread-1] INFO  com.rs.mv.mvvs.client.account.handler.ServerAccountHandler - [client:40010104]load server account: Account{name=Rheonix OS, path=C:/Users/Adam/Desktop/adam folders/Rheonix OS, type=PREDICT}
Account{name=Render & Security, path=C:/Users/Adam/Desktop/adam folders/Rheonix OS/Drive/Notifications/Render & Security, type=PREDICT}
Account{name=Main, path=C:/Users/Adam/Desktop/adam folders/Rheonix OS/Drive/Main, type=PREDICT}
Account{name=ProgramFilesX86, path=C:/Users/Adam/Desktop/adam folders/Rheonix OS/Drive/ProgramFilesX86, type=PREDICT}
Account{name=Drive, path=C:/Users/Adam/Desktop/adam folders/Rheonix OS/Drive, type=PREDICT}
Account{name=Notifications, path=C:/Users/Adam/Desktop/adam folders/Rheonix OS/Drive/Notifications, type=PREDICT}
2023-07-17 17:45:06.062 [pool-3-thread-1] INFO  com.rs.mv.mvvs.client.account.AccountManager - [client:40010105]load account manager finish
2023-07-17 17:45:06.063 [pool-3-thread-1] INFO  com.rs.mv.mvvs.instance.userspace.UserspaceManager - [framework:30010402]config file(C:\Users\Adam/.rmv/config) watcher launch successful
2023-07-17 17:45:33.394 [pool-3-thread-1] INFO  com.rs.mv.mvvs.client.catalog.from.scan.CurrentPathScanner - [client:400205]scan file in current open file directory(C:/Users/Adam/Desktop/adam folders/Rheonix OS/Drive/Main/Hyper-v)
2023-07-17 17:45:46.135 [pool-3-thread-1] INFO  com.rs.mv.mvvs.client.catalog.from.scan.CurrentPathScanner - [client:400205]scan file in current open file directory(C:/Users/Adam/Desktop/adam folders/Rheonix OS/Drive/Main/Hyper-v)
2023-07-17 17:52:37.342 [pool-3-thread-1] INFO  com.rs.mv.mvvs.client.catalog.from.scan.CurrentPathScanner - [client:400205]scan file in current open file directory(C:/Users/Adam/Desktop/adam folders/Rheonix OS/Drive/Main)
2023-07-17 17:52:57.753 [pool-3-thread-1] INFO  com.rs.mv.mvvs.client.catalog.from.scan.CurrentPathScanner - [client:400205]scan file in current open file directory(C:/Users/Adam/Desktop/adam folders/Rheonix OS/Drive/Main/Hyper-v)
2023-07-17 17:53:41.435 [pool-3-thread-1] INFO  com.rs.mv.mvvs.client.catalog.from.scan.CurrentPathScanner - [client:400205]scan file in current open file directory(C:/Users/Adam/Desktop/adam folders/Rheonix OS/Drive/Main)
2023-07-17 18:47:14.169 [pool-3-thread-1] INFO  com.rs.mv.mvvs.client.catalog.from.scan.CurrentPathScanner - [client:400205]scan file in current open file directory(C:/Users/Adam/Desktop/adam folders/Rheonix OS/Drive/Main)
2023-07-17 18:47:25.438 [pool-3-thread-1] INFO  com.rs.mv.mvvs.client.catalog.from.scan.CurrentPathScanner - [client:400205]scan file in current open file directory(C:/Users/Adam/Desktop/adam folders/Rheonix OS/Drive/Main)
2023-07-17 18:55:56.830 [pool-3-thread-1] INFO  com.rs.mv.mvvs.client.catalog.from.scan.CurrentPathScanner - [client:400205]scan file in current open file directory(C:/Users/Adam/Desktop/adam folders/Rheonix OS/Hardware Configurations)
2023-07-17 18:56:05.749 [pool-3-thread-1] INFO  com.rs.mv.mvvs.client.catalog.from.scan.CurrentPathScanner - [client:400205]scan file in current open file directory(C:/Users/Adam/Desktop/adam folders/Rheonix OS/Drive/ProgramFilesX86)
2023-07-17 18:56:18.250 [pool-3-thread-1] INFO  com.rs.mv.mvvs.client.catalog.from.scan.CurrentPathScanner - [client:400205]scan file in current open file directory(C:/Users/Adam/Desktop/adam folders/Rheonix OS/Drive/ProgramFilesX86)
2023-07-17 18:56:24.093 [pool-3-thread-1] INFO  com.rs.mv.mvvs.client.catalog.from.scan.CurrentPathScanner - [client:400205]scan file in current open file directory(C:/Users/Adam/Desktop/adam folders/Rheonix OS/Drive/ProgramFilesX86)
2023-07-17 19:05:17.567 [pool-3-thread-1] INFO  com.rs.mv.mvvs.client.catalog.from.scan.CurrentPathScanner - [client:400205]scan file in current open file directory(C:/Users/Adam/Desktop/adam folders/Rheonix OS/Drive/Main)
2023-07-17 19:05:20.754 [pool-3-thread-1] INFO  com.rs.mv.mvvs.client.catalog.from.scan.CurrentPathScanner - [client:400205]scan file in current open file directory(C:/Users/Adam/Desktop/adam folders/Rheonix OS/Drive/ProgramFilesX86)
2023-07-17 19:05:56.905 [main] WARN  com.rs.mv.mvvs.Startup - [LSP:100104]ROCKET MV BASIC EXTENSION exited
2023-07-17 19:07:57.760 [main] INFO  com.rs.mv.mvvs.Startup - [LSP:100101]ROCKET MV BASIC EXTENSION to start
2023-07-17 19:07:57.786 [main] INFO  com.rs.mv.mvvs.lsp.server.BasicLanguageServerLauncher - [LSP:100102]start pip server
2023-07-17 19:07:58.001 [main] INFO  com.rs.mv.mvvs.lsp.server.BasicLanguageServerLauncher - [LSP:100103]ROCKET MV BASIC EXTENSION start successful
2023-07-17 19:07:58.082 [pool-3-thread-1] INFO  com.rs.mv.mvvs.instance.workspace.WorkspaceManager - [workspace:200101]load all workspace folders start
2023-07-17 19:07:58.083 [pool-3-thread-1] INFO  com.rs.mv.mvvs.instance.workspace.WorkspaceManager - [workspace:20010201]root uri: file:///c%3A/Users/Adam/Desktop/adam%20folders/Rheonix%20OS
2023-07-17 19:07:58.085 [pool-3-thread-1] INFO  com.rs.mv.mvvs.instance.workspace.handler.FolderHandler - [workspace:200103]workspace contains workspace folder: file:///c%3A/Users/Adam/Desktop/adam%20folders/Rheonix%20OS
2023-07-17 19:07:58.113 [pool-3-thread-1] INFO  com.rs.mv.mvvs.instance.workspace.handler.FolderHandler - [workspace:200104]workspace folder will be cached: file:///c%3A/Users/Adam/Desktop/adam%20folders/Rheonix%20OS
2023-07-17 19:07:58.116 [pool-3-thread-1] INFO  com.rs.mv.mvvs.rmv.config.Config - [framework:30010101]config load start
2023-07-17 19:07:58.116 [pool-3-thread-1] INFO  com.rs.mv.mvvs.rmv.config.Config - [framework:30010102]project config path is : C:/Users/Adam/Desktop/adam folders/Rheonix OS/.rmv/config
2023-07-17 19:07:58.117 [pool-3-thread-1] INFO  com.rs.mv.mvvs.rmv.config.Config - [framework:30010103]resource config path is : /
2023-07-17 19:07:58.118 [pool-3-thread-1] INFO  com.rs.mv.mvvs.rmv.config.Config - [framework:30010104]user config path is : C:/Users/Adam
2023-07-17 19:07:58.135 [pool-3-thread-1] INFO  com.rs.mv.mvvs.rmv.config.Config - [framework:30010105]config load end
2023-07-17 19:07:58.139 [pool-3-thread-1] INFO  com.rs.mv.mvvs.rmv.documentation.BasicDocumentation - [framework:30020101]documentation load start
2023-07-17 19:07:58.141 [pool-3-thread-1] INFO  com.rs.mv.mvvs.rmv.documentation.reader.SystemDocReader - [framework:30020102]system documentation path: /documentation/UNIVERSE/
2023-07-17 19:07:58.149 [pool-3-thread-1] INFO  com.rs.mv.mvvs.rmv.documentation.reader.ProjectDocReader - [framework:30020103]project documentation brief file: C:\Users\Adam\Desktop\adam folders\Rheonix OS\.rmv\documentation\UNIVERSE\custom.json
2023-07-17 19:07:58.151 [pool-3-thread-1] INFO  com.rs.mv.mvvs.rmv.documentation.reader.UserDocReader - [framework:30020104]user documentation brief file: C:\Users\Adam\documentation\UNIVERSE\custom.json
2023-07-17 19:07:58.272 [pool-3-thread-1] INFO  com.rs.mv.mvvs.rmv.documentation.BasicDocumentation - [framework:30020105]documentation load end
2023-07-17 19:07:58.277 [pool-3-thread-1] INFO  com.rs.mv.mvvs.common.convertor.ConvertorManager - [framework:30030101]convertors for folder(C:/Users/Adam/Desktop/adam folders/Rheonix OS) load start
2023-07-17 19:07:58.284 [pool-3-thread-1] INFO  com.rs.mv.mvvs.common.convertor.ConvertorManager - [framework:30030102]comment convertor load finish
2023-07-17 19:07:58.495 [pool-3-thread-1] INFO  com.rs.mv.mvvs.common.convertor.ConvertorManager - [framework:30030103]keyword convertor load finish
2023-07-17 19:07:58.499 [pool-3-thread-1] INFO  com.rs.mv.mvvs.common.convertor.ConvertorManager - [framework:30030104]operator convertor load finish
2023-07-17 19:07:58.500 [pool-3-thread-1] INFO  com.rs.mv.mvvs.common.convertor.ConvertorManager - [framework:30030105]function name convertor load finish
2023-07-17 19:07:58.501 [pool-3-thread-1] INFO  com.rs.mv.mvvs.common.convertor.ConvertorManager - [framework:30030106]atVariable convertor load finish
2023-07-17 19:07:58.502 [pool-3-thread-1] INFO  com.rs.mv.mvvs.common.convertor.ConvertorManager - [framework:30030107]convertors for folder(C:/Users/Adam/Desktop/adam folders/Rheonix OS) load end
2023-07-17 19:07:58.505 [pool-3-thread-1] INFO  com.rs.mv.mvvs.rmv.config.CapabilityConfig - [framework:30010301]capabilities file(C:/Users/Adam/Desktop/adam folders/Rheonix OS/config/capability) doesn't exist or read error, default config will take effect
2023-07-17 19:07:58.505 [pool-3-thread-1] INFO  com.rs.mv.mvvs.instance.workspace.WorkspaceManager - [workspace:200105]load all workspace folders successful
2023-07-17 19:07:58.508 [pool-3-thread-1] INFO  com.rs.mv.mvvs.client.account.AccountManager - [client:40010101]load account manager start
2023-07-17 19:07:58.525 [pool-3-thread-1] INFO  com.rs.mv.mvvs.client.account.handler.CacheAccountHandler - [client:40010102]load cache account: 
2023-07-17 19:07:58.529 [pool-3-thread-1] INFO  com.rs.mv.mvvs.client.account.handler.ExternalAccountHandler - [client:40010103]load external account: 
2023-07-17 19:07:58.584 [pool-3-thread-1] INFO  com.rs.mv.mvvs.client.catalog.manager.U2CatalogManager - [client:400203]cache file auto update thread launch in Rheonix OS account
2023-07-17 19:07:58.598 [pool-3-thread-1] INFO  com.rs.mv.mvvs.client.catalog.from.config.DirsConfigReader - [client:400206]parse dir config information
2023-07-17 19:07:58.602 [pool-3-thread-1] INFO  com.rs.mv.mvvs.client.catalog.from.config.MappingConfigReader - [client:400207]parse mapping config information
2023-07-17 19:07:58.607 [pool-3-thread-1] INFO  com.rs.mv.mvvs.client.catalog.manager.U2CatalogManager - [client:400202]start a schedule task to get global/local catalog for Rheonix OS, its period 5s 
2023-07-17 19:07:58.609 [pool-3-thread-1] INFO  com.rs.mv.mvvs.client.catalog.manager.U2CatalogManager - [client:400203]cache file auto update thread launch in Drive account
2023-07-17 19:07:58.609 [pool-3-thread-1] INFO  com.rs.mv.mvvs.client.catalog.from.config.DirsConfigReader - [client:400206]parse dir config information
2023-07-17 19:07:58.610 [pool-3-thread-1] INFO  com.rs.mv.mvvs.client.catalog.from.config.MappingConfigReader - [client:400207]parse mapping config information
2023-07-17 19:07:58.611 [pool-3-thread-1] INFO  com.rs.mv.mvvs.client.catalog.manager.U2CatalogManager - [client:400202]start a schedule task to get global/local catalog for Drive, its period 5s 
2023-07-17 19:07:58.613 [pool-3-thread-1] INFO  com.rs.mv.mvvs.client.catalog.manager.U2CatalogManager - [client:400203]cache file auto update thread launch in Main account
2023-07-17 19:07:58.614 [pool-3-thread-1] INFO  com.rs.mv.mvvs.client.catalog.from.config.DirsConfigReader - [client:400206]parse dir config information
2023-07-17 19:07:58.614 [pool-3-thread-1] INFO  com.rs.mv.mvvs.client.catalog.from.config.MappingConfigReader - [client:400207]parse mapping config information
2023-07-17 19:07:58.615 [pool-3-thread-1] INFO  com.rs.mv.mvvs.client.catalog.manager.U2CatalogManager - [client:400202]start a schedule task to get global/local catalog for Main, its period 5s 
2023-07-17 19:07:58.616 [pool-3-thread-1] INFO  com.rs.mv.mvvs.client.catalog.manager.U2CatalogManager - [client:400203]cache file auto update thread launch in Notifications account
2023-07-17 19:07:58.618 [pool-3-thread-1] INFO  com.rs.mv.mvvs.client.catalog.from.config.DirsConfigReader - [client:400206]parse dir config information
2023-07-17 19:07:58.619 [pool-3-thread-1] INFO  com.rs.mv.mvvs.client.catalog.from.config.MappingConfigReader - [client:400207]parse mapping config information
2023-07-17 19:07:58.620 [pool-3-thread-1] INFO  com.rs.mv.mvvs.client.catalog.manager.U2CatalogManager - [client:400202]start a schedule task to get global/local catalog for Notifications, its period 5s 
2023-07-17 19:07:58.621 [pool-3-thread-1] INFO  com.rs.mv.mvvs.client.catalog.manager.U2CatalogManager - [client:400203]cache file auto update thread launch in Render & Security account
2023-07-17 19:07:58.622 [pool-3-thread-1] INFO  com.rs.mv.mvvs.client.catalog.from.config.DirsConfigReader - [client:400206]parse dir config information
2023-07-17 19:07:58.623 [pool-3-thread-1] INFO  com.rs.mv.mvvs.client.catalog.from.config.MappingConfigReader - [client:400207]parse mapping config information
2023-07-17 19:07:58.624 [pool-3-thread-1] INFO  com.rs.mv.mvvs.client.catalog.manager.U2CatalogManager - [client:400202]start a schedule task to get global/local catalog for Render & Security, its period 5s 
2023-07-17 19:07:58.625 [pool-3-thread-1] INFO  com.rs.mv.mvvs.client.catalog.manager.U2CatalogManager - [client:400203]cache file auto update thread launch in ProgramFilesX86 account
2023-07-17 19:07:58.627 [pool-3-thread-1] INFO  com.rs.mv.mvvs.client.catalog.from.config.DirsConfigReader - [client:400206]parse dir config information
2023-07-17 19:07:58.628 [pool-3-thread-1] INFO  com.rs.mv.mvvs.client.catalog.from.config.MappingConfigReader - [client:400207]parse mapping config information
2023-07-17 19:07:58.629 [pool-3-thread-1] INFO  com.rs.mv.mvvs.client.catalog.manager.U2CatalogManager - [client:400202]start a schedule task to get global/local catalog for ProgramFilesX86, its period 5s 
2023-07-17 19:07:58.636 [pool-3-thread-1] INFO  com.rs.mv.mvvs.client.account.handler.ServerAccountHandler - [client:40010104]load server account: Account{name=Rheonix OS, path=C:/Users/Adam/Desktop/adam folders/Rheonix OS, type=PREDICT}
Account{name=Render & Security, path=C:/Users/Adam/Desktop/adam folders/Rheonix OS/Drive/Notifications/Render & Security, type=PREDICT}
Account{name=Main, path=C:/Users/Adam/Desktop/adam folders/Rheonix OS/Drive/Main, type=PREDICT}
Account{name=ProgramFilesX86, path=C:/Users/Adam/Desktop/adam folders/Rheonix OS/Drive/ProgramFilesX86, type=PREDICT}
Account{name=Drive, path=C:/Users/Adam/Desktop/adam folders/Rheonix OS/Drive, type=PREDICT}
Account{name=Notifications, path=C:/Users/Adam/Desktop/adam folders/Rheonix OS/Drive/Notifications, type=PREDICT}
2023-07-17 19:07:58.637 [pool-3-thread-1] INFO  com.rs.mv.mvvs.client.account.AccountManager - [client:40010105]load account manager finish
2023-07-17 19:07:58.639 [pool-3-thread-1] INFO  com.rs.mv.mvvs.instance.userspace.UserspaceManager - [framework:30010402]config file(C:\Users\Adam/.rmv/config) watcher launch successful
2023-07-17 19:07:58.690 [pool-3-thread-1] INFO  com.rs.mv.mvvs.client.catalog.from.scan.CurrentPathScanner - [client:400205]scan file in current open file directory(C:/Users/Adam/Desktop/adam folders/Rheonix OS/Drive/ProgramFilesX86)
2023-07-17 19:08:05.550 [pool-3-thread-1] INFO  com.rs.mv.mvvs.client.catalog.from.scan.CurrentPathScanner - [client:400205]scan file in current open file directory(C:/Users/Adam/Desktop/adam folders/Rheonix OS/Drive/ProgramFilesX86)
2023-07-17 19:08:05.636 [pool-3-thread-1] INFO  com.rs.mv.mvvs.client.catalog.from.scan.CurrentPathScanner - [client:400205]scan file in current open file directory(C:/Users/Adam/Desktop/adam folders/Rheonix OS/Drive/ProgramFilesX86)
2023-07-17 22:40:13.645 [main] INFO  com.rs.mv.mvvs.Startup - [LSP:100101]ROCKET MV BASIC EXTENSION to start
2023-07-17 22:40:13.683 [main] INFO  com.rs.mv.mvvs.lsp.server.BasicLanguageServerLauncher - [LSP:100102]start pip server
2023-07-17 22:40:13.889 [main] INFO  com.rs.mv.mvvs.lsp.server.BasicLanguageServerLauncher - [LSP:100103]ROCKET MV BASIC EXTENSION start successful
2023-07-17 22:40:13.986 [pool-3-thread-1] INFO  com.rs.mv.mvvs.instance.workspace.WorkspaceManager - [workspace:200101]load all workspace folders start
2023-07-17 22:40:13.987 [pool-3-thread-1] INFO  com.rs.mv.mvvs.instance.workspace.WorkspaceManager - [workspace:20010201]root uri: file:///c%3A/Users/Adam/Desktop/adam%20folders/Rheonix%20OS
2023-07-17 22:40:13.988 [pool-3-thread-1] INFO  com.rs.mv.mvvs.instance.workspace.handler.FolderHandler - [workspace:200103]workspace contains workspace folder: file:///c%3A/Users/Adam/Desktop/adam%20folders/Rheonix%20OS
2023-07-17 22:40:14.020 [pool-3-thread-1] INFO  com.rs.mv.mvvs.instance.workspace.handler.FolderHandler - [workspace:200104]workspace folder will be cached: file:///c%3A/Users/Adam/Desktop/adam%20folders/Rheonix%20OS
2023-07-17 22:40:14.023 [pool-3-thread-1] INFO  com.rs.mv.mvvs.rmv.config.Config - [framework:30010101]config load start
2023-07-17 22:40:14.024 [pool-3-thread-1] INFO  com.rs.mv.mvvs.rmv.config.Config - [framework:30010102]project config path is : C:/Users/Adam/Desktop/adam folders/Rheonix OS/.rmv/config
2023-07-17 22:40:14.025 [pool-3-thread-1] INFO  com.rs.mv.mvvs.rmv.config.Config - [framework:30010103]resource config path is : /
2023-07-17 22:40:14.026 [pool-3-thread-1] INFO  com.rs.mv.mvvs.rmv.config.Config - [framework:30010104]user config path is : C:/Users/Adam
2023-07-17 22:40:14.047 [pool-3-thread-1] INFO  com.rs.mv.mvvs.rmv.config.Config - [framework:30010105]config load end
2023-07-17 22:40:14.051 [pool-3-thread-1] INFO  com.rs.mv.mvvs.rmv.documentation.BasicDocumentation - [framework:30020101]documentation load start
2023-07-17 22:40:14.053 [pool-3-thread-1] INFO  com.rs.mv.mvvs.rmv.documentation.reader.SystemDocReader - [framework:30020102]system documentation path: /documentation/UNIVERSE/
2023-07-17 22:40:14.057 [pool-3-thread-1] INFO  com.rs.mv.mvvs.rmv.documentation.reader.ProjectDocReader - [framework:30020103]project documentation brief file: C:\Users\Adam\Desktop\adam folders\Rheonix OS\.rmv\documentation\UNIVERSE\custom.json
2023-07-17 22:40:14.059 [pool-3-thread-1] INFO  com.rs.mv.mvvs.rmv.documentation.reader.UserDocReader - [framework:30020104]user documentation brief file: C:\Users\Adam\documentation\UNIVERSE\custom.json
2023-07-17 22:40:14.210 [pool-3-thread-1] INFO  com.rs.mv.mvvs.rmv.documentation.BasicDocumentation - [framework:30020105]documentation load end
2023-07-17 22:40:14.217 [pool-3-thread-1] INFO  com.rs.mv.mvvs.common.convertor.ConvertorManager - [framework:30030101]convertors for folder(C:/Users/Adam/Desktop/adam folders/Rheonix OS) load start
2023-07-17 22:40:14.227 [pool-3-thread-1] INFO  com.rs.mv.mvvs.common.convertor.ConvertorManager - [framework:30030102]comment convertor load finish
2023-07-17 22:40:14.410 [pool-3-thread-1] INFO  com.rs.mv.mvvs.common.convertor.ConvertorManager - [framework:30030103]keyword convertor load finish
2023-07-17 22:40:14.416 [pool-3-thread-1] INFO  com.rs.mv.mvvs.common.convertor.ConvertorManager - [framework:30030104]operator convertor load finish
2023-07-17 22:40:14.417 [pool-3-thread-1] INFO  com.rs.mv.mvvs.common.convertor.ConvertorManager - [framework:30030105]function name convertor load finish
2023-07-17 22:40:14.418 [pool-3-thread-1] INFO  com.rs.mv.mvvs.common.convertor.ConvertorManager - [framework:30030106]atVariable convertor load finish
2023-07-17 22:40:14.418 [pool-3-thread-1] INFO  com.rs.mv.mvvs.common.convertor.ConvertorManager - [framework:30030107]convertors for folder(C:/Users/Adam/Desktop/adam folders/Rheonix OS) load end
2023-07-17 22:40:14.420 [pool-3-thread-1] INFO  com.rs.mv.mvvs.rmv.config.CapabilityConfig - [framework:30010301]capabilities file(C:/Users/Adam/Desktop/adam folders/Rheonix OS/config/capability) doesn't exist or read error, default config will take effect
2023-07-17 22:40:14.421 [pool-3-thread-1] INFO  com.rs.mv.mvvs.instance.workspace.WorkspaceManager - [workspace:200105]load all workspace folders successful
2023-07-17 22:40:14.424 [pool-3-thread-1] INFO  com.rs.mv.mvvs.client.account.AccountManager - [client:40010101]load account manager start
2023-07-17 22:40:14.439 [pool-3-thread-1] INFO  com.rs.mv.mvvs.client.account.handler.CacheAccountHandler - [client:40010102]load cache account: 
2023-07-17 22:40:14.444 [pool-3-thread-1] INFO  com.rs.mv.mvvs.client.account.handler.ExternalAccountHandler - [client:40010103]load external account: 
2023-07-17 22:40:14.494 [pool-3-thread-1] INFO  com.rs.mv.mvvs.client.catalog.manager.U2CatalogManager - [client:400203]cache file auto update thread launch in Rheonix OS account
2023-07-17 22:40:14.503 [pool-3-thread-1] INFO  com.rs.mv.mvvs.client.catalog.from.config.DirsConfigReader - [client:400206]parse dir config information
2023-07-17 22:40:14.508 [pool-3-thread-1] INFO  com.rs.mv.mvvs.client.catalog.from.config.MappingConfigReader - [client:400207]parse mapping config information
2023-07-17 22:40:14.510 [pool-3-thread-1] INFO  com.rs.mv.mvvs.client.catalog.manager.U2CatalogManager - [client:400202]start a schedule task to get global/local catalog for Rheonix OS, its period 5s 
2023-07-17 22:40:14.511 [pool-3-thread-1] INFO  com.rs.mv.mvvs.client.catalog.manager.U2CatalogManager - [client:400203]cache file auto update thread launch in Drive account
2023-07-17 22:40:14.512 [pool-3-thread-1] INFO  com.rs.mv.mvvs.client.catalog.from.config.DirsConfigReader - [client:400206]parse dir config information
2023-07-17 22:40:14.513 [pool-3-thread-1] INFO  com.rs.mv.mvvs.client.catalog.from.config.MappingConfigReader - [client:400207]parse mapping config information
2023-07-17 22:40:14.514 [pool-3-thread-1] INFO  com.rs.mv.mvvs.client.catalog.manager.U2CatalogManager - [client:400202]start a schedule task to get global/local catalog for Drive, its period 5s 
2023-07-17 22:40:14.515 [pool-3-thread-1] INFO  com.rs.mv.mvvs.client.catalog.manager.U2CatalogManager - [client:400203]cache file auto update thread launch in Main account
2023-07-17 22:40:14.516 [pool-3-thread-1] INFO  com.rs.mv.mvvs.client.catalog.from.config.DirsConfigReader - [client:400206]parse dir config information
2023-07-17 22:40:14.516 [pool-3-thread-1] INFO  com.rs.mv.mvvs.client.catalog.from.config.MappingConfigReader - [client:400207]parse mapping config information
2023-07-17 22:40:14.517 [pool-3-thread-1] INFO  com.rs.mv.mvvs.client.catalog.manager.U2CatalogManager - [client:400202]start a schedule task to get global/local catalog for Main, its period 5s 
2023-07-17 22:40:14.519 [pool-3-thread-1] INFO  com.rs.mv.mvvs.client.catalog.manager.U2CatalogManager - [client:400203]cache file auto update thread launch in Notifications account
2023-07-17 22:40:14.520 [pool-3-thread-1] INFO  com.rs.mv.mvvs.client.catalog.from.config.DirsConfigReader - [client:400206]parse dir config information
2023-07-17 22:40:14.521 [pool-3-thread-1] INFO  com.rs.mv.mvvs.client.catalog.from.config.MappingConfigReader - [client:400207]parse mapping config information
2023-07-17 22:40:14.522 [pool-3-thread-1] INFO  com.rs.mv.mvvs.client.catalog.manager.U2CatalogManager - [client:400202]start a schedule task to get global/local catalog for Notifications, its period 5s 
2023-07-17 22:40:14.523 [pool-3-thread-1] INFO  com.rs.mv.mvvs.client.catalog.manager.U2CatalogManager - [client:400203]cache file auto update thread launch in Render & Security account
2023-07-17 22:40:14.524 [pool-3-thread-1] INFO  com.rs.mv.mvvs.client.catalog.from.config.DirsConfigReader - [client:400206]parse dir config information
2023-07-17 22:40:14.524 [pool-3-thread-1] INFO  com.rs.mv.mvvs.client.catalog.from.config.MappingConfigReader - [client:400207]parse mapping config information
2023-07-17 22:40:14.525 [pool-3-thread-1] INFO  com.rs.mv.mvvs.client.catalog.manager.U2CatalogManager - [client:400202]start a schedule task to get global/local catalog for Render & Security, its period 5s 
2023-07-17 22:40:14.526 [pool-3-thread-1] INFO  com.rs.mv.mvvs.client.catalog.manager.U2CatalogManager - [client:400203]cache file auto update thread launch in ProgramFilesX86 account
2023-07-17 22:40:14.527 [pool-3-thread-1] INFO  com.rs.mv.mvvs.client.catalog.from.config.DirsConfigReader - [client:400206]parse dir config information
2023-07-17 22:40:14.528 [pool-3-thread-1] INFO  com.rs.mv.mvvs.client.catalog.from.config.MappingConfigReader - [client:400207]parse mapping config information
2023-07-17 22:40:14.528 [pool-3-thread-1] INFO  com.rs.mv.mvvs.client.catalog.manager.U2CatalogManager - [client:400202]start a schedule task to get global/local catalog for ProgramFilesX86, its period 5s 
2023-07-17 22:40:14.535 [pool-3-thread-1] INFO  com.rs.mv.mvvs.client.account.handler.ServerAccountHandler - [client:40010104]load server account: Account{name=Rheonix OS, path=C:/Users/Adam/Desktop/adam folders/Rheonix OS, type=PREDICT}
Account{name=Render & Security, path=C:/Users/Adam/Desktop/adam folders/Rheonix OS/Drive/Notifications/Render & Security, type=PREDICT}
Account{name=Main, path=C:/Users/Adam/Desktop/adam folders/Rheonix OS/Drive/Main, type=PREDICT}
Account{name=ProgramFilesX86, path=C:/Users/Adam/Desktop/adam folders/Rheonix OS/Drive/ProgramFilesX86, type=PREDICT}
Account{name=Drive, path=C:/Users/Adam/Desktop/adam folders/Rheonix OS/Drive, type=PREDICT}
Account{name=Notifications, path=C:/Users/Adam/Desktop/adam folders/Rheonix OS/Drive/Notifications, type=PREDICT}
2023-07-17 22:40:14.536 [pool-3-thread-1] INFO  com.rs.mv.mvvs.client.account.AccountManager - [client:40010105]load account manager finish
2023-07-17 22:40:14.537 [pool-3-thread-1] INFO  com.rs.mv.mvvs.instance.userspace.UserspaceManager - [framework:30010402]config file(C:\Users\Adam/.rmv/config) watcher launch successful
2023-07-17 22:40:22.072 [pool-3-thread-1] INFO  com.rs.mv.mvvs.client.catalog.from.scan.CurrentPathScanner - [client:400205]scan file in current open file directory(C:/Users/Adam/Desktop/adam folders/Rheonix OS/Drive/ProgramFilesX86)
2023-07-17 22:40:22.324 [pool-3-thread-1] INFO  com.rs.mv.mvvs.client.catalog.from.scan.CurrentPathScanner - [client:400205]scan file in current open file directory(C:/Users/Adam/Desktop/adam folders/Rheonix OS/Drive/ProgramFilesX86)
